\BOOKMARK [0][-]{chapter.1}{\376\377\000E\000s\000e\000r\000c\000i\000z\000i\000o\000\040\0001}{}% 1
\BOOKMARK [1][-]{section.1.1}{\376\377\000M\000u\000l\000t\000i\000p\000l\000e\000x\000e\000r\000\040\0001\0006\000:\0001}{chapter.1}% 2
\BOOKMARK [2][-]{subsection.1.1.1}{\376\377\000P\000r\000o\000g\000e\000t\000t\000o\000\040\000e\000\040\000a\000r\000c\000h\000i\000t\000e\000t\000t\000u\000r\000a}{section.1.1}% 3
\BOOKMARK [2][-]{subsection.1.1.2}{\376\377\000I\000m\000p\000l\000e\000m\000e\000n\000t\000a\000z\000i\000o\000n\000e}{section.1.1}% 4
\BOOKMARK [2][-]{subsection.1.1.3}{\376\377\000S\000i\000m\000u\000l\000a\000z\000i\000o\000n\000e}{section.1.1}% 5
\BOOKMARK [2][-]{subsection.1.1.4}{\376\377\000I\000m\000p\000l\000e\000m\000e\000n\000t\000a\000z\000i\000o\000n\000e\000\040\0002\000.\0000}{section.1.1}% 6
\BOOKMARK [1][-]{section.1.2}{\376\377\000R\000e\000t\000e\000\040\000d\000i\000\040\000i\000n\000t\000e\000r\000c\000o\000n\000n\000e\000s\000s\000i\000o\000n\000e\000\040\000a\000\040\0001\0006\000\040\000i\000n\000g\000r\000e\000s\000s\000i\000\040\000e\000\040\0004\000\040\000u\000s\000c\000i\000t\000e}{chapter.1}% 7
\BOOKMARK [2][-]{subsection.1.2.1}{\376\377\000P\000r\000o\000g\000e\000t\000t\000a\000z\000i\000o\000n\000e}{section.1.2}% 8
\BOOKMARK [2][-]{subsection.1.2.2}{\376\377\000I\000m\000p\000l\000e\000m\000e\000n\000t\000a\000z\000i\000o\000n\000e}{section.1.2}% 9
\BOOKMARK [2][-]{subsection.1.2.3}{\376\377\000S\000i\000m\000u\000l\000a\000z\000i\000o\000n\000e}{section.1.2}% 10
\BOOKMARK [1][-]{section.1.3}{\376\377\000I\000m\000p\000l\000e\000m\000e\000n\000t\000a\000z\000i\000o\000n\000e\000\040\000s\000u\000\040\000b\000o\000a\000r\000d\000\040\000d\000e\000l\000\040\000p\000u\000n\000t\000o\000\040\000p\000r\000e\000c\000e\000d\000e\000n\000t\000e}{chapter.1}% 11
\BOOKMARK [2][-]{subsection.1.3.1}{\376\377\000T\000r\000a\000c\000c\000i\000a}{section.1.3}% 12
\BOOKMARK [2][-]{subsection.1.3.2}{\376\377\000I\000m\000p\000l\000e\000m\000e\000n\000t\000a\000z\000i\000o\000n\000e}{section.1.3}% 13
\BOOKMARK [2][-]{subsection.1.3.3}{\376\377\000F\000u\000n\000z\000i\000o\000n\000a\000m\000e\000n\000t\000o}{section.1.3}% 14
\BOOKMARK [0][-]{chapter.2}{\376\377\000E\000s\000e\000r\000c\000i\000z\000i\000o\000\040\0002\000\040\000-\000\040\000S\000i\000s\000t\000e\000m\000a\000\040\000R\000O\000M\000+\000M}{}% 15
\BOOKMARK [1][-]{section.2.1}{\376\377\000P\000r\000o\000g\000e\000t\000t\000a\000z\000i\000o\000n\000e}{chapter.2}% 16
\BOOKMARK [1][-]{section.2.2}{\376\377\000I\000m\000p\000l\000e\000m\000e\000n\000t\000a\000z\000i\000o\000n\000e}{chapter.2}% 17
\BOOKMARK [1][-]{section.2.3}{\376\377\000S\000i\000m\000u\000l\000a\000z\000i\000o\000n\000e}{chapter.2}% 18
\BOOKMARK [1][-]{section.2.4}{\376\377\000I\000m\000p\000l\000e\000m\000e\000n\000t\000a\000z\000i\000o\000n\000e\000\040\000s\000u\000\040\000b\000o\000a\000r\000d}{chapter.2}% 19
\BOOKMARK [2][-]{subsection.2.4.1}{\376\377\000T\000r\000a\000c\000c\000i\000a}{section.2.4}% 20
\BOOKMARK [2][-]{subsection.2.4.2}{\376\377\000I\000m\000p\000l\000e\000m\000e\000n\000t\000a\000z\000i\000o\000n\000e}{section.2.4}% 21
\BOOKMARK [0][-]{chapter.3}{\376\377\000E\000s\000e\000r\000c\000i\000z\000i\000o\000\040\0003}{}% 22
\BOOKMARK [1][-]{section.3.1}{\376\377\000R\000i\000c\000o\000n\000o\000s\000c\000i\000t\000o\000r\000e\000\040\000d\000i\000\040\000s\000e\000q\000u\000e\000n\000z\000e}{chapter.3}% 23
\BOOKMARK [2][-]{subsection.3.1.1}{\376\377\000P\000r\000o\000g\000e\000t\000t\000a\000z\000i\000o\000n\000e\000\040\000e\000\040\000a\000r\000c\000h\000i\000t\000e\000t\000t\000u\000r\000a}{section.3.1}% 24
\BOOKMARK [2][-]{subsection.3.1.2}{\376\377\000I\000m\000p\000l\000e\000m\000e\000n\000t\000a\000z\000i\000o\000n\000e}{section.3.1}% 25
\BOOKMARK [2][-]{subsection.3.1.3}{\376\377\000S\000i\000m\000u\000l\000a\000z\000i\000o\000n\000e}{section.3.1}% 26
\BOOKMARK [1][-]{section.3.2}{\376\377\000I\000m\000p\000l\000e\000m\000e\000n\000t\000a\000z\000i\000o\000n\000e\000\040\000s\000u\000\040\000b\000o\000a\000r\000d\000\040\000d\000e\000l\000\040\000p\000u\000n\000t\000o\000\040\000p\000r\000e\000c\000e\000d\000e\000n\000t\000e}{chapter.3}% 27
\BOOKMARK [2][-]{subsection.3.2.1}{\376\377\000T\000r\000a\000c\000c\000i\000a}{section.3.2}% 28
\BOOKMARK [2][-]{subsection.3.2.2}{\376\377\000I\000m\000p\000l\000e\000m\000e\000n\000t\000a\000z\000i\000o\000n\000e}{section.3.2}% 29
\BOOKMARK [0][-]{chapter.4}{\376\377\000E\000s\000e\000r\000c\000i\000z\000i\000o\000\040\0004}{}% 30
\BOOKMARK [1][-]{section.4.1}{\376\377\000S\000h\000i\000f\000t\000\040\000R\000e\000g\000i\000s\000t\000e\000r\000\040\000-\000\040\000A\000p\000p\000r\000o\000c\000c\000i\000o\000\040\000c\000o\000m\000p\000o\000r\000t\000a\000m\000e\000n\000t\000a\000l\000e}{chapter.4}% 31
\BOOKMARK [2][-]{subsection.4.1.1}{\376\377\000P\000r\000o\000g\000e\000t\000t\000o\000\040\000e\000\040\000a\000r\000c\000h\000i\000t\000e\000t\000t\000u\000r\000a}{section.4.1}% 32
\BOOKMARK [2][-]{subsection.4.1.2}{\376\377\000I\000m\000p\000l\000e\000m\000e\000n\000t\000a\000z\000i\000o\000n\000e}{section.4.1}% 33
\BOOKMARK [2][-]{subsection.4.1.3}{\376\377\000S\000i\000m\000u\000l\000a\000z\000i\000o\000n\000e}{section.4.1}% 34
\BOOKMARK [1][-]{section.4.2}{\376\377\000S\000h\000i\000f\000t\000\040\000R\000e\000g\000i\000s\000t\000e\000r\000\040\000-\000\040\000A\000p\000p\000r\000o\000c\000c\000i\000o\000\040\000s\000t\000r\000u\000t\000t\000u\000r\000a\000l\000e}{chapter.4}% 35
\BOOKMARK [2][-]{subsection.4.2.1}{\376\377\000P\000r\000o\000g\000e\000t\000t\000o\000\040\000e\000\040\000a\000r\000c\000h\000i\000t\000e\000t\000t\000u\000r\000a}{section.4.2}% 36
\BOOKMARK [2][-]{subsection.4.2.2}{\376\377\000I\000m\000p\000l\000e\000m\000e\000n\000t\000a\000z\000i\000o\000n\000e}{section.4.2}% 37
\BOOKMARK [2][-]{subsection.4.2.3}{\376\377\000S\000i\000m\000u\000l\000a\000z\000i\000o\000n\000e}{section.4.2}% 38
\BOOKMARK [0][-]{chapter.5}{\376\377\000E\000s\000e\000r\000c\000i\000z\000i\000o\000\040\0005}{}% 39
\BOOKMARK [1][-]{section.5.1}{\376\377\000C\000r\000o\000n\000o\000m\000e\000t\000r\000o}{chapter.5}% 40
\BOOKMARK [2][-]{subsection.5.1.1}{\376\377\000P\000r\000o\000g\000e\000t\000t\000a\000z\000i\000o\000n\000e}{section.5.1}% 41
\BOOKMARK [2][-]{subsection.5.1.2}{\376\377\000I\000m\000p\000l\000e\000m\000e\000n\000t\000a\000z\000i\000o\000n\000e}{section.5.1}% 42
\BOOKMARK [2][-]{subsection.5.1.3}{\376\377\000S\000i\000m\000u\000l\000a\000z\000i\000o\000n\000e}{section.5.1}% 43
\BOOKMARK [1][-]{section.5.2}{\376\377\000I\000m\000p\000l\000e\000m\000e\000n\000t\000a\000z\000i\000o\000n\000e\000\040\000s\000u\000\040\000b\000o\000a\000r\000d\000\040\000d\000e\000l\000\040\000p\000u\000n\000t\000o\000\040\000p\000r\000e\000c\000e\000d\000e\000n\000t\000e}{chapter.5}% 44
\BOOKMARK [2][-]{subsection.5.2.1}{\376\377\000T\000r\000a\000c\000c\000i\000a}{section.5.2}% 45
\BOOKMARK [2][-]{subsection.5.2.2}{\376\377\000I\000m\000p\000l\000e\000m\000e\000n\000t\000a\000z\000i\000o\000n\000e}{section.5.2}% 46
\BOOKMARK [0][-]{chapter.6}{\376\377\000E\000s\000e\000r\000c\000i\000z\000i\000o\000\040\0006}{}% 47
\BOOKMARK [1][-]{section.6.1}{\376\377\000S\000i\000s\000t\000e\000m\000a\000\040\000d\000i\000\040\000l\000e\000t\000t\000u\000r\000a\000\040\000-\000\040\000e\000l\000a\000b\000o\000r\000a\000z\000i\000o\000n\000e\000\040\000-\000\040\000s\000c\000r\000i\000t\000t\000u\000r\000a\000\040\000P\000O\000\137\000P\000C}{chapter.6}% 48
\BOOKMARK [2][-]{subsection.6.1.1}{\376\377\000T\000r\000a\000c\000c\000i\000a}{section.6.1}% 49
\BOOKMARK [2][-]{subsection.6.1.2}{\376\377\000P\000r\000o\000g\000e\000t\000t\000a\000z\000i\000o\000n\000e}{section.6.1}% 50
\BOOKMARK [2][-]{subsection.6.1.3}{\376\377\000I\000m\000p\000l\000e\000m\000e\000n\000t\000a\000z\000i\000o\000n\000e}{section.6.1}% 51
\BOOKMARK [2][-]{subsection.6.1.4}{\376\377\000S\000i\000m\000u\000l\000a\000z\000i\000o\000n\000e}{section.6.1}% 52
\BOOKMARK [1][-]{section.6.2}{\376\377\000I\000m\000p\000l\000e\000m\000e\000n\000t\000a\000z\000i\000o\000n\000e\000\040\000s\000u\000\040\000b\000o\000a\000r\000d\000\040\000d\000e\000l\000\040\000p\000u\000n\000t\000o\000\040\000p\000r\000e\000c\000e\000d\000e\000n\000t\000e}{chapter.6}% 53
\BOOKMARK [2][-]{subsection.6.2.1}{\376\377\000T\000r\000a\000c\000c\000i\000a}{section.6.2}% 54
\BOOKMARK [2][-]{subsection.6.2.2}{\376\377\000I\000m\000p\000l\000e\000m\000e\000n\000t\000a\000z\000i\000o\000n\000e}{section.6.2}% 55
\BOOKMARK [0][-]{chapter.7}{\376\377\000E\000s\000e\000r\000c\000i\000z\000i\000o\000\040\0007}{}% 56
\BOOKMARK [1][-]{section.7.1}{\376\377\000M\000o\000l\000t\000i\000p\000l\000i\000c\000a\000t\000o\000r\000e\000\040\000d\000i\000\040\000B\000o\000o\000t\000h}{chapter.7}% 57
\BOOKMARK [2][-]{subsection.7.1.1}{\376\377\000P\000r\000o\000g\000e\000t\000t\000a\000z\000i\000o\000n\000e}{section.7.1}% 58
\BOOKMARK [2][-]{subsection.7.1.2}{\376\377\000I\000m\000p\000l\000e\000m\000e\000n\000t\000a\000z\000i\000o\000n\000e}{section.7.1}% 59
\BOOKMARK [2][-]{subsection.7.1.3}{\376\377\000S\000i\000m\000u\000l\000a\000z\000i\000o\000n\000e}{section.7.1}% 60
\BOOKMARK [1][-]{section.7.2}{\376\377\000I\000m\000p\000l\000e\000m\000e\000n\000t\000a\000z\000i\000o\000n\000e\000\040\000s\000u\000\040\000b\000o\000a\000r\000d\000\040\000d\000e\000l\000\040\000p\000u\000n\000t\000o\000\040\000p\000r\000e\000c\000e\000d\000e\000n\000t\000e}{chapter.7}% 61
\BOOKMARK [2][-]{subsection.7.2.1}{\376\377\000T\000r\000a\000c\000c\000i\000a}{section.7.2}% 62
\BOOKMARK [2][-]{subsection.7.2.2}{\376\377\000I\000m\000p\000l\000e\000m\000e\000n\000t\000a\000z\000i\000o\000n\000e}{section.7.2}% 63
\BOOKMARK [0][-]{chapter.8}{\376\377\000E\000s\000e\000r\000c\000i\000z\000i\000o\000\040\0008\000.\0001}{}% 64
\BOOKMARK [1][-]{section.8.1}{\376\377\000C\000o\000m\000u\000n\000i\000c\000a\000z\000i\000o\000n\000e\000\040\000c\000o\000n\000\040\000h\000a\000n\000d\000s\000h\000a\000k\000i\000n\000g}{chapter.8}% 65
\BOOKMARK [2][-]{subsection.8.1.1}{\376\377\000T\000r\000a\000c\000c\000i\000a}{section.8.1}% 66
\BOOKMARK [2][-]{subsection.8.1.2}{\376\377\000P\000r\000o\000g\000e\000t\000t\000a\000z\000i\000o\000n\000e}{section.8.1}% 67
\BOOKMARK [2][-]{subsection.8.1.3}{\376\377\000I\000m\000p\000l\000e\000m\000e\000n\000t\000a\000z\000i\000o\000n\000e}{section.8.1}% 68
\BOOKMARK [2][-]{subsection.8.1.4}{\376\377\000S\000i\000m\000u\000l\000a\000z\000i\000o\000n\000e}{section.8.1}% 69
\BOOKMARK [0][-]{chapter.9}{\376\377\000E\000s\000e\000r\000c\000i\000z\000i\000o\000\040\0009}{}% 70
\BOOKMARK [1][-]{section.9.1}{\376\377\000I\000l\000\040\000p\000r\000o\000c\000e\000s\000s\000o\000r\000e\000\040\000M\000i\000c\000-\0001}{chapter.9}% 71
\BOOKMARK [2][-]{subsection.9.1.1}{\376\377\000U\000n\000i\000t\000\340\000\040\000o\000p\000e\000r\000a\000t\000i\000v\000a}{section.9.1}% 72
\BOOKMARK [2][-]{subsection.9.1.2}{\376\377\000M\000i\000c\000r\000o\000i\000s\000t\000r\000u\000z\000i\000o\000n\000i}{section.9.1}% 73
\BOOKMARK [2][-]{subsection.9.1.3}{\376\377\000U\000n\000i\000t\000\340\000\040\000d\000i\000\040\000C\000o\000n\000t\000r\000o\000l\000l\000o}{section.9.1}% 74
\BOOKMARK [1][-]{section.9.2}{\376\377\000L\000a\000\040\000m\000i\000c\000r\000o\000i\000s\000t\000r\000u\000z\000i\000o\000n\000e\000\040\000I\000S\000U\000B}{chapter.9}% 75
\BOOKMARK [2][-]{subsection.9.2.1}{\376\377\000S\000i\000m\000u\000l\000a\000z\000i\000o\000n\000e}{section.9.2}% 76
\BOOKMARK [1][-]{section.9.3}{\376\377\000L\000a\000\040\000m\000i\000c\000r\000o\000i\000s\000t\000r\000u\000z\000i\000o\000n\000e\000\040\000I\000O\000R}{chapter.9}% 77
\BOOKMARK [2][-]{subsection.9.3.1}{\376\377\000S\000i\000m\000u\000l\000a\000z\000i\000o\000n\000e}{section.9.3}% 78
\BOOKMARK [1][-]{section.9.4}{\376\377\000I\000m\000p\000l\000m\000e\000n\000t\000a\000z\000i\000o\000n\000e\000\040\000d\000e\000l\000l\000a\000\040\000m\000i\000c\000r\000o\000i\000s\000t\000r\000u\000z\000i\000o\000n\000e\000\040\000I\000X\000O\000R}{chapter.9}% 79
\BOOKMARK [0][-]{chapter.10}{\376\377\000E\000s\000e\000r\000c\000i\000z\000i\000o\000\040\0008}{}% 80
\BOOKMARK [1][-]{section.10.1}{\376\377\000P\000r\000o\000v\000a\000\040\000d\000i\000\040\000e\000s\000a\000m\000e\000\040\000d\000e\000l\000\040\0001\0009\000\040\000d\000i\000c\000e\000m\000b\000r\000e\000\040\0002\0000\0002\0004}{chapter.10}% 81
\BOOKMARK [2][-]{subsection.10.1.1}{\376\377\000T\000r\000a\000c\000c\000i\000a}{section.10.1}% 82
\BOOKMARK [2][-]{subsection.10.1.2}{\376\377\000P\000r\000o\000g\000e\000t\000t\000a\000z\000i\000o\000n\000e}{section.10.1}% 83
\BOOKMARK [2][-]{subsection.10.1.3}{\376\377\000I\000m\000p\000l\000e\000m\000e\000n\000t\000a\000z\000i\000o\000n\000e}{section.10.1}% 84
\BOOKMARK [2][-]{subsection.10.1.4}{\376\377\000S\000i\000m\000u\000l\000a\000z\000i\000o\000n\000e}{section.10.1}% 85
\BOOKMARK [0][-]{chapter*.199}{\376\377\000B\000i\000b\000l\000i\000o\000g\000r\000a\000f\000i\000a}{}% 86
